<?xml version="1.0" encoding="UTF-8"?>
<!-- Generated by org.testng.reporters.JUnitReportReporter -->
<testsuite hostname="DESKTOP-1VN6NSF" failures="0" tests="1" name="mvnPracticePackage.LuanchBrowserTest" time="58.625" errors="0" timestamp="2023-11-30T13:02:13 IST" skipped="0">
  <testcase classname="mvnPracticePackage.LuanchBrowserTest" name="launchtest" time="58.625"/>
  <system-out/>
</testsuite> <!-- mvnPracticePackage.LuanchBrowserTest -->
