<?xml version="1.0" encoding="UTF-8"?>
<!-- Generated by org.testng.reporters.JUnitReportReporter -->
<testsuite hostname="DESKTOP-1VN6NSF" failures="0" tests="1" name="selGridPrac.PracGridExec2" time="27.350" errors="0" timestamp="2023-12-01T14:56:57 IST" skipped="0">
  <testcase classname="selGridPrac.PracGridExec2" name="amazonBrowser" time="27.350"/>
  <system-out/>
</testsuite> <!-- selGridPrac.PracGridExec2 -->
