<?xml version="1.0" encoding="UTF-8"?>
<!-- Generated by org.testng.reporters.JUnitReportReporter -->
<testsuite hostname="DESKTOP-1VN6NSF" failures="0" tests="1" name="selGridPrac.GridExecution" time="109.087" errors="0" timestamp="2023-12-01T12:21:26 IST" skipped="0">
  <testcase classname="selGridPrac.GridExecution" name="urlConfige" time="109.087"/>
  <system-out/>
</testsuite> <!-- selGridPrac.GridExecution -->
